#! /usr/bin/vvp
:ivl_version "0.9.7 " "(v0_9_7)";
:vpi_time_precision + 0;
:vpi_module "system";
:vpi_module "v2005_math";
:vpi_module "va_math";
S_0x26172f0 .scope module, "johnson_down_counter" "johnson_down_counter" 2 3;
 .timescale 0 0;
v0x2615950_0 .net "clk_i", 0 0, C4<z>; 0 drivers
v0x2649760_0 .net "q_o", 3 0, v0x26498a0_0; 1 drivers
v0x2649800_0 .net "rst_i", 0 0, C4<z>; 0 drivers
v0x26498a0_0 .var "state_r", 3 0;
E_0x26173e0/0 .event negedge, v0x2649800_0;
E_0x26173e0/1 .event posedge, v0x2615950_0;
E_0x26173e0 .event/or E_0x26173e0/0, E_0x26173e0/1;
    .scope S_0x26172f0;
T_0 ;
    %wait E_0x26173e0;
    %load/v 8, v0x2649800_0, 1;
    %inv 8, 1;
    %jmp/0xz  T_0.0, 8;
    %movi 8, 8, 4;
    %ix/load 0, 4, 0;
    %assign/v0 v0x26498a0_0, 0, 8;
    %jmp T_0.1;
T_0.0 ;
    %load/v 8, v0x26498a0_0, 4;
    %cmpi/u 8, 8, 4;
    %jmp/1 T_0.2, 6;
    %cmpi/u 8, 12, 4;
    %jmp/1 T_0.3, 6;
    %cmpi/u 8, 14, 4;
    %jmp/1 T_0.4, 6;
    %cmpi/u 8, 15, 4;
    %jmp/1 T_0.5, 6;
    %cmpi/u 8, 7, 4;
    %jmp/1 T_0.6, 6;
    %cmpi/u 8, 3, 4;
    %jmp/1 T_0.7, 6;
    %cmpi/u 8, 1, 4;
    %jmp/1 T_0.8, 6;
    %cmpi/u 8, 0, 4;
    %jmp/1 T_0.9, 6;
    %ix/load 0, 4, 0;
    %assign/v0 v0x26498a0_0, 0, 2;
    %jmp T_0.11;
T_0.2 ;
    %movi 8, 12, 4;
    %ix/load 0, 4, 0;
    %assign/v0 v0x26498a0_0, 0, 8;
    %jmp T_0.11;
T_0.3 ;
    %movi 8, 14, 4;
    %ix/load 0, 4, 0;
    %assign/v0 v0x26498a0_0, 0, 8;
    %jmp T_0.11;
T_0.4 ;
    %ix/load 0, 4, 0;
    %assign/v0 v0x26498a0_0, 0, 1;
    %jmp T_0.11;
T_0.5 ;
    %movi 8, 7, 4;
    %ix/load 0, 4, 0;
    %assign/v0 v0x26498a0_0, 0, 8;
    %jmp T_0.11;
T_0.6 ;
    %movi 8, 3, 4;
    %ix/load 0, 4, 0;
    %assign/v0 v0x26498a0_0, 0, 8;
    %jmp T_0.11;
T_0.7 ;
    %movi 8, 1, 4;
    %ix/load 0, 4, 0;
    %assign/v0 v0x26498a0_0, 0, 8;
    %jmp T_0.11;
T_0.8 ;
    %ix/load 0, 4, 0;
    %assign/v0 v0x26498a0_0, 0, 0;
    %jmp T_0.11;
T_0.9 ;
    %movi 8, 8, 4;
    %ix/load 0, 4, 0;
    %assign/v0 v0x26498a0_0, 0, 8;
    %jmp T_0.11;
T_0.11 ;
T_0.1 ;
    %jmp T_0;
    .thread T_0;
# The file index is used to find the file name in the following table.
:file_names 3;
    "N/A";
    "<interactive>";
    "johnson_down_counter.sv";
